------------------------------------------------------------------------------------------------------------------------

[2025-02-10 10:58:03 #1 store] 
Database 'C:\Users\ehu\git\Rides24\src\main\resources\rides.temp' is opened by 19344@U231499

[2025-02-10 10:58:04 #2 type.registry] 
New type domain.Driver

[2025-02-10 10:58:04 #3 type] 
Type domain.Driver is not enhanced.

[2025-02-10 10:58:04 #4 type.registry] 
New type domain.Ride

[2025-02-10 10:58:04 #5 type] 
Type domain.Ride is not enhanced.

[2025-02-10 10:58:04 #6 type.registry] 
New type java.util.Vector<java.lang.Object>

[2025-02-10 10:58:04 #7 type.registry] 
New type java.util.Vector<domain.Ride>

------------------------------------------------------------------------------------------------------------------------

[2025-02-10 11:00:14 #1 store] 
Database 'C:\Users\ehu\git\Rides24\src\main\resources\rides.temp' is opened by 11964@U231499

[2025-02-10 11:00:14 #2 type.registry] 
New type domain.Driver

[2025-02-10 11:00:14 #3 type] 
Type domain.Driver is not enhanced.

[2025-02-10 11:00:14 #4 type.registry] 
New type domain.Ride

[2025-02-10 11:00:14 #5 type] 
Type domain.Ride is not enhanced.

[2025-02-10 11:00:14 #6 type.registry] 
New type java.util.Vector<java.lang.Object>

[2025-02-10 11:00:14 #7 type.registry] 
New type java.util.Vector<domain.Ride>

------------------------------------------------------------------------------------------------------------------------

[2025-02-10 11:01:16 #1 store] 
Database 'C:\Users\ehu\git\Rides24\src\main\resources\rides.temp' is opened by 4188@U231499

[2025-02-10 11:01:16 #2 type.registry] 
New type domain.Driver

[2025-02-10 11:01:16 #3 type] 
Type domain.Driver is not enhanced.

[2025-02-10 11:01:16 #4 type.registry] 
New type domain.Ride

[2025-02-10 11:01:16 #5 type] 
Type domain.Ride is not enhanced.

[2025-02-10 11:01:16 #6 type.registry] 
New type java.util.Vector<java.lang.Object>

[2025-02-10 11:01:16 #7 type.registry] 
New type java.util.Vector<domain.Ride>

------------------------------------------------------------------------------------------------------------------------

[2025-02-10 11:03:35 #1 store] 
Database 'C:\Users\ehu\git\Rides24\src\main\resources\rides.temp' is opened by 18416@U231499

[2025-02-10 11:03:35 #2 type.registry] 
New type domain.Driver

[2025-02-10 11:03:35 #3 type] 
Type domain.Driver is not enhanced.

[2025-02-10 11:03:35 #4 type.registry] 
New type domain.Ride

[2025-02-10 11:03:35 #5 type] 
Type domain.Ride is not enhanced.

[2025-02-10 11:03:36 #6 type.registry] 
New type java.util.Vector<java.lang.Object>

[2025-02-10 11:03:36 #7 type.registry] 
New type java.util.Vector<domain.Ride>

------------------------------------------------------------------------------------------------------------------------

[2025-02-10 11:04:31 #1 server] 
Server on port 6136 has started by 14540@U231499

[2025-02-10 11:05:08 #2 store] 
Database 'C:\Users\ehu\git\Rides24\src\main\resources\db\src\main\resources\rides.temp' is opened by 14540@U231499

------------------------------------------------------------------------------------------------------------------------

[2025-02-10 11:05:08 #1 type.registry] 
New type domain.Driver

[2025-02-10 11:05:08 #2 type] 
Type domain.Driver is not enhanced.

[2025-02-10 11:05:08 #3 type.registry] 
New type domain.Ride

[2025-02-10 11:05:08 #4 type] 
Type domain.Ride is not enhanced.

[2025-02-10 11:05:08 #5 type.registry] 
New type java.util.Vector<java.lang.Object>

[2025-02-10 11:05:08 #6 type.registry] 
New type java.util.Vector<domain.Ride>

[2025-02-10 11:05:51 #3 store] 
Database 'C:\Users\ehu\git\Rides24\src\main\resources\db\src\main\resources\rides.temp' is closed by 14540@U231499

------------------------------------------------------------------------------------------------------------------------

[2025-02-10 11:09:43 #1 store] 
Database 'C:\Users\ehu\git\Rides24\src\main\resources\rides.temp' is opened by 5460@U231499

[2025-02-10 11:09:43 #2 type.registry] 
New type domain.Driver

[2025-02-10 11:09:43 #3 type] 
Type domain.Driver is not enhanced.

[2025-02-10 11:09:43 #4 type.registry] 
New type domain.Ride

[2025-02-10 11:09:43 #5 type] 
Type domain.Ride is not enhanced.

[2025-02-10 11:09:43 #6 type.registry] 
New type java.util.Vector<java.lang.Object>

[2025-02-10 11:09:43 #7 type.registry] 
New type java.util.Vector<domain.Ride>

------------------------------------------------------------------------------------------------------------------------

[2025-02-10 11:11:21 #1 store] 
Database 'C:\Users\ehu\git\Rides24\src\main\resources\rides.temp' is opened by 3632@U231499

[2025-02-10 11:11:21 #2 type.registry] 
New type domain.Driver

[2025-02-10 11:11:21 #3 type] 
Type domain.Driver is not enhanced.

[2025-02-10 11:11:22 #4 type.registry] 
New type domain.Ride

[2025-02-10 11:11:22 #5 type] 
Type domain.Ride is not enhanced.

[2025-02-10 11:11:22 #6 type.registry] 
New type java.util.Vector<java.lang.Object>

[2025-02-10 11:11:22 #7 type.registry] 
New type java.util.Vector<domain.Ride>

------------------------------------------------------------------------------------------------------------------------

[2025-02-10 11:15:10 #1 store] 
Database 'C:\Users\ehu\git\Rides24\src\main\resources\rides.temp' is opened by 14728@U231499

[2025-02-10 11:15:10 #2 type.registry] 
New type domain.Driver

[2025-02-10 11:15:10 #3 type] 
Type domain.Driver is not enhanced.

[2025-02-10 11:15:10 #4 type.registry] 
New type domain.Ride

[2025-02-10 11:15:10 #5 type] 
Type domain.Ride is not enhanced.

[2025-02-10 11:15:10 #6 type.registry] 
New type java.util.Vector<java.lang.Object>

[2025-02-10 11:15:10 #7 type.registry] 
New type java.util.Vector<domain.Ride>

------------------------------------------------------------------------------------------------------------------------

[2025-02-10 11:34:55 #1 store] 
Database 'C:\Users\ehu\git\Rides24\src\main\resources\rides.temp' is opened by 7476@U231499

[2025-02-10 11:34:56 #2 type.registry] 
New type domain.User

[2025-02-10 11:34:56 #3 type.registry] 
New type domain.Driver

[2025-02-10 11:34:56 #4 type] 
Type domain.Driver is not enhanced.

[2025-02-10 11:34:56 #5 type.registry] 
New type domain.Ride

[2025-02-10 11:34:56 #6 type] 
Type domain.Ride is not enhanced.

[2025-02-10 11:34:56 #7 type.registry] 
New type java.util.Vector<java.lang.Object>

[2025-02-10 11:34:56 #8 type.registry] 
New type java.util.Vector<domain.Ride>

------------------------------------------------------------------------------------------------------------------------

[2025-02-10 11:35:09 #1 store] 
Database 'C:\Users\ehu\git\Rides24\src\main\resources\rides.temp' is opened by 19224@U231499

[2025-02-10 11:35:09 #2 type.registry] 
New type domain.User

[2025-02-10 11:35:09 #3 type.registry] 
New type domain.Driver

[2025-02-10 11:35:09 #4 type] 
Type domain.Driver is not enhanced.

[2025-02-10 11:35:09 #5 type.registry] 
New type domain.Ride

[2025-02-10 11:35:09 #6 type] 
Type domain.Ride is not enhanced.

[2025-02-10 11:35:09 #7 type.registry] 
New type java.util.Vector<java.lang.Object>

[2025-02-10 11:35:09 #8 type.registry] 
New type java.util.Vector<domain.Ride>

------------------------------------------------------------------------------------------------------------------------

[2025-02-10 11:35:17 #1 store] 
Database 'C:\Users\ehu\git\Rides24\src\main\resources\rides.temp' is opened by 4856@U231499

[2025-02-10 11:35:18 #2 type.registry] 
New type domain.User

[2025-02-10 11:35:18 #3 type.registry] 
New type domain.Driver

[2025-02-10 11:35:18 #4 type] 
Type domain.Driver is not enhanced.

[2025-02-10 11:35:18 #5 type.registry] 
New type domain.Ride

[2025-02-10 11:35:18 #6 type] 
Type domain.Ride is not enhanced.

[2025-02-10 11:35:18 #7 type.registry] 
New type java.util.Vector<java.lang.Object>

[2025-02-10 11:35:18 #8 type.registry] 
New type java.util.Vector<domain.Ride>

